Registering repa-3.4.0.2...
s\Angus\onedrive\projects\Haskell
Mandelbrot\.cabal-sandbox\i386-windows-ghc-7.10.2\repa-3.4.0.2-8U5HFt7t4nVEoUEKdpQq1X
tion.hs, dist\dist-sandbox-3ea15086\build\Data\Array\Repa\Stencil\Partition.o )
[ 2 of 39] Compiling Data.Array.Repa.Eval.Elt ( Data\Array\Repa\Eval\Elt.hs, dist\dist-sandbox-3ea15086\build\Data\Array\Repa\Eval\Elt.o )
[ 3 of 39] Compiling Data.Array.Repa.Shape ( Data\Array\Repa\Shape.hs, dist\dist-sandbox-3ea15086\build\Data\Array\Repa\Shape.o )
[ 4 of 39] Compiling Data.Array.Repa.Base ( Data\Array\Repa\Base.hs, dist\dist-sandbox-3ea15086\build\Data\Array\Repa\Base.o )
[ 5 of 39] Compiling Data.Array.Repa.Eval.Target ( Data\Array\Repa\Eval\Target.hs, dist\dist-sandbox-3ea15086\build\Data\Array\Repa\Eval\Target.o )
[ 6 of 39] Compiling Data.Array.Repa.Eval.Load ( Data\Array\Repa\Eval\Load.hs, dist\dist-sandbox-3ea15086\build\Data\Array\Repa\Eval\Load.o )
[ 7 of 39] Compiling Data.Array.Repa.Repr.HintSmall ( Data\Array\Repa\Repr\HintSmall.hs, dist\dist-sandbox-3ea15086\build\Data\Array\Repa\Repr\HintSmall.o )
[ 8 of 39] Compiling Data.Array.Repa.Index ( Data\Array\Repa\Index.hs, dist\dist-sandbox-3ea15086\build\Data\Array\Repa\Index.o )
[ 9 of 39] Compiling Data.Array.Repa.Slice ( Data\Array\Repa\Slice.hs, dist\dist-sandbox-3ea15086\build\Data\Array\Repa\Slice.o )
[10 of 39] Compiling Data.Array.Repa.Stencil.Base ( Data\Array\Repa\Stencil\Base.hs, dist\dist-sandbox-3ea15086\build\Data\Array\Repa\Stencil\Base.o )
[11 of 39] Compiling Data.Array.Repa.Stencil.Template ( Data\Array\Repa\Stencil\Template.hs, dist\dist-sandbox-3ea15086\build\Data\Array\Repa\Stencil\Template.o )
[12 of 39] Compiling Data.Array.Repa.Eval.Gang ( Data\Array\Repa\Eval\Gang.hs, dist\dist-sandbox-3ea15086\build\Data\Array\Repa\Eval\Gang.o )
[13 of 39] Compiling Data.Array.Repa.Eval.Reduction ( Data\Array\Repa\Eval\Reduction.hs, dist\dist-sandbox-3ea15086\build\Data\Array\Repa\Eval\Reduction.o )
[14 of 39] Compiling Data.Array.Repa.Eval.Selection ( Data\Array\Repa\Eval\Selection.hs, dist\dist-sandbox-3ea15086\build\Data\Array\Repa\Eval\Selection.o )
[15 of 39] Compiling Data.Array.Repa.Eval.Cursored ( Data\Array\Repa\Eval\Cursored.hs, dist\dist-sandbox-3ea15086\build\Data\Array\Repa\Eval\Cursored.o )
[16 of 39] Compiling Data.Array.Repa.Eval.Chunked ( Data\Array\Repa\Eval\Chunked.hs, dist\dist-sandbox-3ea15086\build\Data\Array\Repa\Eval\Chunked.o )
[17 of 39] Compiling Data.Array.Repa.Repr.Delayed ( Data\Array\Repa\Repr\Delayed.hs, dist\dist-sandbox-3ea15086\build\Data\Array\Repa\Repr\Delayed.o )
[18 of 39] Compiling Data.Array.Repa.Operators.Traversal ( Data\Array\Repa\Operators\Traversal.hs, dist\dist-sandbox-3ea15086\build\Data\Array\Repa\Operators\Traversal.o )
[19 of 39] Compiling Data.Array.Repa.Operators.IndexSpace ( Data\Array\Repa\Operators\IndexSpace.hs, dist\dist-sandbox-3ea15086\build\Data\Array\Repa\Operators\IndexSpace.o )
[20 of 39] Compiling Data.Array.Repa.Unsafe ( Data\Array\Repa\Unsafe.hs, dist\dist-sandbox-3ea15086\build\Data\Array\Repa\Unsafe.o )
[21 of 39] Compiling Data.Array.Repa.Operators.Interleave ( Data\Array\Repa\Operators\Interleave.hs, dist\dist-sandbox-3ea15086\build\Data\Array\Repa\Operators\Interleave.o )
[22 of 39] Compiling Data.Array.Repa.Repr.ByteString ( Data\Array\Repa\Repr\ByteString.hs, dist\dist-sandbox-3ea15086\build\Data\Array\Repa\Repr\ByteString.o )
[23 of 39] Compiling Data.Array.Repa.Repr.ForeignPtr ( Data\Array\Repa\Repr\ForeignPtr.hs, dist\dist-sandbox-3ea15086\build\Data\Array\Repa\Repr\ForeignPtr.o )
[24 of 39] Compiling Data.Array.Repa.Eval.Interleaved ( Data\Array\Repa\Eval\Interleaved.hs, dist\dist-sandbox-3ea15086\build\Data\Array\Repa\Eval\Interleaved.o )
[25 of 39] Compiling Data.Array.Repa.Eval ( Data\Array\Repa\Eval.hs, dist\dist-sandbox-3ea15086\build\Data\Array\Repa\Eval.o )
[26 of 39] Compiling Data.Array.Repa.Repr.Partitioned ( Data\Array\Repa\Repr\Partitioned.hs, dist\dist-sandbox-3ea15086\build\Data\Array\Repa\Repr\Partitioned.o )
[27 of 39] Compiling Data.Array.Repa.Repr.Unboxed ( Data\Array\Repa\Repr\Unboxed.hs, dist\dist-sandbox-3ea15086\build\Data\Array\Repa\Repr\Unboxed.o )
[28 of 39] Compiling Data.Array.Repa.Operators.Selection ( Data\Array\Repa\Operators\Selection.hs, dist\dist-sandbox-3ea15086\build\Data\Array\Repa\Operators\Selection.o )
[29 of 39] Compiling Data.Array.Repa.Repr.Undefined ( Data\Array\Repa\Repr\Undefined.hs, dist\dist-sandbox-3ea15086\build\Data\Array\Repa\Repr\Undefined.o )
[30 of 39] Compiling Data.Array.Repa.Repr.Cursored ( Data\Array\Repa\Repr\Cursored.hs, dist\dist-sandbox-3ea15086\build\Data\Array\Repa\Repr\Cursored.o )
[31 of 39] Compiling Data.Array.Repa.Specialised.Dim2 ( Data\Array\Repa\Specialised\Dim2.hs, dist\dist-sandbox-3ea15086\build\Data\Array\Repa\Specialised\Dim2.o )
[32 of 39] Compiling Data.Array.Repa.Stencil.Dim2 ( Data\Array\Repa\Stencil\Dim2.hs, dist\dist-sandbox-3ea15086\build\Data\Array\Repa\Stencil\Dim2.o )
[33 of 39] Compiling Data.Array.Repa.Repr.Vector ( Data\Array\Repa\Repr\Vector.hs, dist\dist-sandbox-3ea15086\build\Data\Array\Repa\Repr\Vector.o )
[34 of 39] Compiling Data.Array.Repa.Arbitrary ( Data\Array\Repa\Arbitrary.hs, dist\dist-sandbox-3ea15086\build\Data\Array\Repa\Arbitrary.o )
[35 of 39] Compiling Data.Array.Repa.Repr.HintInterleave ( Data\Array\Repa\Repr\HintInterleave.hs, dist\dist-sandbox-3ea15086\build\Data\Array\Repa\Repr\HintInterleave.o )
[36 of 39] Compiling Data.Array.Repa.Operators.Mapping ( Data\Array\Repa\Operators\Mapping.hs, dist\dist-sandbox-3ea15086\build\Data\Array\Repa\Operators\Mapping.o )
[37 of 39] Compiling Data.Array.Repa.Operators.Reduction ( Data\Array\Repa\Operators\Reduction.hs, dist\dist-sandbox-3ea15086\build\Data\Array\Repa\Operators\Reduction.o )
[38 of 39] Compiling Data.Array.Repa  ( Data\Array\Repa.hs, dist\dist-sandbox-3ea15086\build\Data\Array\Repa.o )
[39 of 39] Compiling Data.Array.Repa.Stencil ( Data\Array\Repa\Stencil.hs, dist\dist-sandbox-3ea15086\build\Data\Array\Repa\Stencil.o )
In-place registering repa-3.4.0.2...
